mode: set
github.com/SimplyVC/oasis_api_server/src/consensus_api/consensus_api.go:21.58,23.2 1 1
github.com/SimplyVC/oasis_api_server/src/consensus_api/consensus_api.go:26.75,28.2 1 1
github.com/SimplyVC/oasis_api_server/src/consensus_api/consensus_api.go:32.81,34.24 2 1
github.com/SimplyVC/oasis_api_server/src/consensus_api/consensus_api.go:34.24,37.3 2 1
github.com/SimplyVC/oasis_api_server/src/consensus_api/consensus_api.go:37.7,39.3 1 1
github.com/SimplyVC/oasis_api_server/src/consensus_api/consensus_api.go:43.71,49.45 3 1
github.com/SimplyVC/oasis_api_server/src/consensus_api/consensus_api.go:49.45,52.30 2 1
github.com/SimplyVC/oasis_api_server/src/consensus_api/consensus_api.go:52.30,55.4 2 1
github.com/SimplyVC/oasis_api_server/src/consensus_api/consensus_api.go:55.8,58.4 2 1
github.com/SimplyVC/oasis_api_server/src/consensus_api/consensus_api.go:59.7,62.3 2 1
github.com/SimplyVC/oasis_api_server/src/main.go:21.13,23.15 2 0
github.com/SimplyVC/oasis_api_server/src/main.go:23.15,25.3 1 0
github.com/SimplyVC/oasis_api_server/src/main.go:29.115,35.60 3 1
github.com/SimplyVC/oasis_api_server/src/main.go:41.2,41.64 1 1
github.com/SimplyVC/oasis_api_server/src/main.go:45.2,45.29 1 1
github.com/SimplyVC/oasis_api_server/src/main.go:35.60,38.3 2 1
github.com/SimplyVC/oasis_api_server/src/main.go:41.64,44.3 2 0
github.com/SimplyVC/oasis_api_server/src/main.go:48.26,80.2 11 0
github.com/SimplyVC/oasis_api_server/src/main.go:83.149,99.35 8 1
github.com/SimplyVC/oasis_api_server/src/main.go:126.2,126.17 1 1
github.com/SimplyVC/oasis_api_server/src/main.go:99.35,106.17 6 1
github.com/SimplyVC/oasis_api_server/src/main.go:109.3,113.17 3 1
github.com/SimplyVC/oasis_api_server/src/main.go:116.3,120.17 3 1
github.com/SimplyVC/oasis_api_server/src/main.go:123.3,123.57 1 1
github.com/SimplyVC/oasis_api_server/src/main.go:106.17,107.14 1 0
github.com/SimplyVC/oasis_api_server/src/main.go:113.17,114.14 1 0
github.com/SimplyVC/oasis_api_server/src/main.go:120.17,121.14 1 0
github.com/SimplyVC/oasis_api_server/src/main.go:131.51,136.2 3 1
github.com/SimplyVC/oasis_api_server/src/registry_api/registry_api.go:25.57,27.2 1 1
github.com/SimplyVC/oasis_api_server/src/registry_api/registry_api.go:31.73,33.24 2 1
github.com/SimplyVC/oasis_api_server/src/registry_api/registry_api.go:33.24,36.3 2 1
github.com/SimplyVC/oasis_api_server/src/registry_api/registry_api.go:36.7,38.3 1 1
github.com/SimplyVC/oasis_api_server/src/registry_api/registry_api.go:42.67,44.2 1 1
github.com/SimplyVC/oasis_api_server/src/staking_api/staking_api.go:17.56,19.2 1 1
github.com/SimplyVC/oasis_api_server/src/staking_api/staking_api.go:23.71,25.24 2 1
github.com/SimplyVC/oasis_api_server/src/staking_api/staking_api.go:25.24,28.3 2 1
github.com/SimplyVC/oasis_api_server/src/staking_api/staking_api.go:28.7,30.3 1 1
github.com/SimplyVC/oasis_api_server/src/staking_api/staking_api.go:34.65,36.2 1 1
github.com/SimplyVC/oasis_api_server/src/rpc/rpc.go:14.80,16.16 2 1
github.com/SimplyVC/oasis_api_server/src/rpc/rpc.go:20.2,21.26 2 1
github.com/SimplyVC/oasis_api_server/src/rpc/rpc.go:16.16,18.3 1 0
github.com/SimplyVC/oasis_api_server/src/rpc/rpc.go:25.89,27.16 2 1
github.com/SimplyVC/oasis_api_server/src/rpc/rpc.go:31.2,32.26 2 1
github.com/SimplyVC/oasis_api_server/src/rpc/rpc.go:27.16,29.3 1 0
github.com/SimplyVC/oasis_api_server/src/rpc/rpc.go:36.79,38.16 2 1
github.com/SimplyVC/oasis_api_server/src/rpc/rpc.go:42.2,43.26 2 1
github.com/SimplyVC/oasis_api_server/src/rpc/rpc.go:38.16,40.3 1 0
github.com/SimplyVC/oasis_api_server/src/rpc/rpc.go:48.56,56.16 4 1
github.com/SimplyVC/oasis_api_server/src/rpc/rpc.go:60.2,60.18 1 1
github.com/SimplyVC/oasis_api_server/src/rpc/rpc.go:56.16,58.3 1 0
