mode: set
github.com/SimplyVC/oasis_api_server/src/staking_api/staking_api.go:17.56,19.2 1 1
github.com/SimplyVC/oasis_api_server/src/staking_api/staking_api.go:23.71,25.24 2 1
github.com/SimplyVC/oasis_api_server/src/staking_api/staking_api.go:25.24,28.3 2 1
github.com/SimplyVC/oasis_api_server/src/staking_api/staking_api.go:28.7,30.3 1 1
github.com/SimplyVC/oasis_api_server/src/staking_api/staking_api.go:34.65,36.2 1 1
github.com/SimplyVC/oasis_api_server/src/consensus_api/consensus_api.go:21.58,23.2 1 1
github.com/SimplyVC/oasis_api_server/src/consensus_api/consensus_api.go:26.75,28.2 1 1
github.com/SimplyVC/oasis_api_server/src/consensus_api/consensus_api.go:32.81,34.24 2 1
github.com/SimplyVC/oasis_api_server/src/consensus_api/consensus_api.go:34.24,37.3 2 1
github.com/SimplyVC/oasis_api_server/src/consensus_api/consensus_api.go:37.7,39.3 1 1
github.com/SimplyVC/oasis_api_server/src/consensus_api/consensus_api.go:43.71,49.45 3 1
github.com/SimplyVC/oasis_api_server/src/consensus_api/consensus_api.go:49.45,52.30 2 1
github.com/SimplyVC/oasis_api_server/src/consensus_api/consensus_api.go:52.30,55.4 2 1
github.com/SimplyVC/oasis_api_server/src/consensus_api/consensus_api.go:55.8,58.4 2 1
github.com/SimplyVC/oasis_api_server/src/consensus_api/consensus_api.go:59.7,62.3 2 1
github.com/SimplyVC/oasis_api_server/src/registry_api/registry_api.go:25.57,27.2 1 1
github.com/SimplyVC/oasis_api_server/src/registry_api/registry_api.go:31.73,33.24 2 1
github.com/SimplyVC/oasis_api_server/src/registry_api/registry_api.go:33.24,36.3 2 1
github.com/SimplyVC/oasis_api_server/src/registry_api/registry_api.go:36.7,38.3 1 1
github.com/SimplyVC/oasis_api_server/src/registry_api/registry_api.go:42.67,44.2 1 1
github.com/SimplyVC/oasis_api_server/src/main.go:21.13,23.15 2 0
github.com/SimplyVC/oasis_api_server/src/main.go:23.15,25.3 1 0
github.com/SimplyVC/oasis_api_server/src/main.go:29.81,35.84 3 0
github.com/SimplyVC/oasis_api_server/src/main.go:41.2,41.87 1 0
github.com/SimplyVC/oasis_api_server/src/main.go:45.2,45.29 1 0
github.com/SimplyVC/oasis_api_server/src/main.go:35.84,38.3 2 0
github.com/SimplyVC/oasis_api_server/src/main.go:41.87,44.3 2 0
github.com/SimplyVC/oasis_api_server/src/main.go:48.26,72.35 11 0
github.com/SimplyVC/oasis_api_server/src/main.go:100.2,117.12 5 0
github.com/SimplyVC/oasis_api_server/src/main.go:72.35,79.17 6 0
github.com/SimplyVC/oasis_api_server/src/main.go:82.3,86.17 3 0
github.com/SimplyVC/oasis_api_server/src/main.go:89.3,93.17 3 0
github.com/SimplyVC/oasis_api_server/src/main.go:96.3,96.57 1 0
github.com/SimplyVC/oasis_api_server/src/main.go:79.17,80.14 1 0
github.com/SimplyVC/oasis_api_server/src/main.go:86.17,87.14 1 0
github.com/SimplyVC/oasis_api_server/src/main.go:93.17,94.14 1 0
github.com/SimplyVC/oasis_api_server/src/main.go:122.51,127.2 3 1
